2025-08-16 13:25:53 - INFO - ==================================================
2025-08-16 13:25:53 - INFO - ATTENDANCE SYSTEM STARTED
2025-08-16 13:25:53 - INFO - Date: 2025-08-16 13:25:53
2025-08-16 13:25:53 - INFO - Log file: logs/attendance_system_2025_08_16.log
2025-08-16 13:25:53 - INFO - ==================================================
2025-08-16 13:25:53 - INFO - Starting attendance system initialization
2025-08-16 13:25:53 - INFO - Validating environment...
2025-08-16 13:25:53 - INFO - Loading student list...
2025-08-16 13:25:53 - INFO - PRINT: ['2022_09_29.xlsx', '2022_10_01.xlsx', '2022_10_03.xlsx', '2024_08_06.xlsx', '2024_08_18.xlsx', '2024_08_30.xlsx', '2024_09_21.xlsx', '2024_09_22.xlsx', '2024_09_28.xlsx', '2024_10_05.xlsx', '2024_10_14.xlsx', '2025_05_01.xlsx', '2025_05_02.xlsx', '2025_07_05.xlsx', '2025_08_14.xlsx', 'backup', 'July 2025.xlsx', '']
2025-08-16 13:25:58 - INFO - Checking date data...
2025-08-16 13:25:58 - INFO - Initializing camera...
2025-08-16 13:26:02 - INFO - Initializing GUI...
2025-08-16 13:26:02 - INFO - PRINT: timein
2025-08-16 13:26:02 - INFO - Starting main application loop
2025-08-16 13:26:03 - INFO - PRINT: Warning: Invalid resize dimensions calculated: 1x0
2025-08-16 13:26:03 - INFO - PRINT: Warning: Invalid resize dimensions calculated: 1x0
2025-08-16 13:26:21 - INFO - PRINT: 333102
2025-08-16 13:26:22 - INFO - QR Code detected: 333102
2025-08-16 13:26:22 - ERROR - ERROR: Unknown student ID scanned: 333102
2025-08-16 13:26:54 - INFO - PRINT: CCM0001
2025-08-16 13:26:55 - INFO - QR Code detected: CCM0001
2025-08-16 13:26:55 - INFO - SIGN-IN: 关宇和 (ID: CCM0001) at 01:26:55 PM
2025-08-16 13:26:55 - INFO - PRINT: 编号 孩子姓名(中)            孩子姓名(英)                 生日日期                父亲姓名  ... attendance_by_month attendance_rate_by_month        date      time_in time_out
0    CCM0001     关宇和       Vernwin Kwan           2014/08/21   关伟文(Kwan Wai Mun)  ...                   1                      1/5  2025_08_16  01:26:55 PM        0
1    CCM0002     叶喜恩         Yap Hee En  2012-11-07 00:00:00   叶展维(Yap Chan Wei)  ...                   0                        0           0            0        0
2    CCM0003    叶喜宣        Yap Hee Xuan  2014-09-16 00:00:00   叶展维(Yap Chan Wei)  ...                   0                        0           0            0        0
3    CCM0004     萧乐杭      Seow Rei Hong  2013-09-05 00:00:00    吴松和(Goh Song Ho)  ...                   0                        0           0            0        0
4    CCM0005     许惠恩         Koh Hui En  2012-08-11 00:00:00   许国伟(Koh Kok Weay)  ...                   0                        0           0            0        0
..       ...     ...                ...                  ...                 ...  ...                 ...                      ...         ...          ...      ...
140  CCM0141     张栩璇       Teoh Xu Xuan  2013-02-21 00:00:00                 NaN  ...                   0                        0           0            0        0
141  CCM0142     黄可福        Wong Ke Fuk  2015-01-28 00:00:00                 NaN  ...                   0                        0           0            0        0
142  CCM0143     黄可优        Wong Ke Uou  2013-05-01 00:00:00                 NaN  ...                   0                        0           0            0        0
143  CCM0144     梁约珥  Joel Leong Yue Er  2015-11-01 00:00:00   梁俊康(Justin Leong）  ...                   0                        0           0            0        0
144  CCM0145     庞尹汐        Pang Yin Xi  2014-11-04 00:00:00  庞毅华(Pang Yoke Hua)  ...                   0                        0           0            0        0

[145 rows x 21 columns]
2025-08-16 13:26:56 - INFO - PRINT: {0: {'编号': 'CCM0001', '孩子姓名(中)': '关宇和', '孩子姓名(英)': 'Vernwin Kwan', '生日日期': '2014/08/21', '父亲姓名': '关伟文(Kwan Wai Mun)', '父亲电话号码': '017-700 1768', '母亲姓名': '苏晓薇 (Sheryl Su Sheau Wei )', '母亲电话号码': '012-747 0047', '监护人姓名': nan, '监护人电话号码': nan, '基准年': Timestamp('2024-12-31 00:00:00'), '年龄': 10, '学校': 'Tadika Gelizim', '地址': 'No 10917，Jalan Tiong 1，Bandar Putra，81000 Kulai.', 'attendance_days': 1, 'attendance_rate': '1/52', 'attendance_by_month': 1, 'attendance_rate_by_month': '1/5', 'date': '2025_08_16', 'time_in': '01:26:55 PM', 'time_out': '0'}}
2025-08-16 13:27:03 - INFO - PRINT: CCM0002
2025-08-16 13:27:04 - INFO - QR Code detected: CCM0002
2025-08-16 13:27:04 - INFO - SIGN-IN: 叶喜恩 (ID: CCM0002) at 01:27:04 PM
2025-08-16 13:27:04 - INFO - PRINT: 编号 孩子姓名(中)            孩子姓名(英)                 生日日期                父亲姓名  ... attendance_by_month attendance_rate_by_month        date      time_in time_out
0    CCM0001     关宇和       Vernwin Kwan           2014/08/21   关伟文(Kwan Wai Mun)  ...                   1                      1/5  2025_08_16  01:26:55 PM        0
1    CCM0002     叶喜恩         Yap Hee En           2012/11/07   叶展维(Yap Chan Wei)  ...                   1                      1/5  2025_08_16  01:27:04 PM        0
2    CCM0003    叶喜宣        Yap Hee Xuan  2014-09-16 00:00:00   叶展维(Yap Chan Wei)  ...                   0                        0           0            0        0
3    CCM0004     萧乐杭      Seow Rei Hong  2013-09-05 00:00:00    吴松和(Goh Song Ho)  ...                   0                        0           0            0        0
4    CCM0005     许惠恩         Koh Hui En  2012-08-11 00:00:00   许国伟(Koh Kok Weay)  ...                   0                        0           0            0        0
..       ...     ...                ...                  ...                 ...  ...                 ...                      ...         ...          ...      ...
140  CCM0141     张栩璇       Teoh Xu Xuan  2013-02-21 00:00:00                 NaN  ...                   0                        0           0            0        0
141  CCM0142     黄可福        Wong Ke Fuk  2015-01-28 00:00:00                 NaN  ...                   0                        0           0            0        0
142  CCM0143     黄可优        Wong Ke Uou  2013-05-01 00:00:00                 NaN  ...                   0                        0           0            0        0
143  CCM0144     梁约珥  Joel Leong Yue Er  2015-11-01 00:00:00   梁俊康(Justin Leong）  ...                   0                        0           0            0        0
144  CCM0145     庞尹汐        Pang Yin Xi  2014-11-04 00:00:00  庞毅华(Pang Yoke Hua)  ...                   0                        0           0            0        0

[145 rows x 21 columns]
2025-08-16 13:27:05 - INFO - PRINT: {0: {'编号': 'CCM0001', '孩子姓名(中)': '关宇和', '孩子姓名(英)': 'Vernwin Kwan', '生日日期': '2014/08/21', '父亲姓名': '关伟文(Kwan Wai Mun)', '父亲电话号码': '017-700 1768', '母亲姓名': '苏晓薇 (Sheryl Su Sheau Wei )', '母亲电话号码': '012-747 0047', '监护人姓名': nan, '监护人电话号码': nan, '基准年': Timestamp('2024-12-31 00:00:00'), '年龄': 10, '学校': 'Tadika Gelizim', '地址': 'No 10917，Jalan Tiong 1，Bandar Putra，81000 Kulai.', 'attendance_days': 1, 'attendance_rate': '1/52', 'attendance_by_month': 1, 'attendance_rate_by_month': '1/5', 'date': '2025_08_16', 'time_in': '01:26:55 PM', 'time_out': '0'}, 1: {'编号': 'CCM0002', '孩子姓名(中)': '叶喜恩', '孩子姓名(英)': 'Yap Hee En', '生日日期': '2012/11/07', '父亲姓名': '叶展维(Yap Chan Wei)', '父亲电话号码': '016-770 5522', '母亲姓名': '王晓珮 (Heng Shiau Pei)', '母亲电话号码': '016-7220405', '监护人姓名': nan, '监护人电话号码': nan, '基准年': Timestamp('2024-12-31 00:00:00'), '年龄': 12, '学校': 'SJK©Foon Yew 5', '地址': 'No 8，Jalan Austin Heights 5/15，Taman Mount Austin，81100 JB.', 'attendance_days': 1, 'attendance_rate': '1/52', 'attendance_by_month': 1, 'attendance_rate_by_month': '1/5', 'date': '2025_08_16', 'time_in': '01:27:04 PM', 'time_out': '0'}}
2025-08-16 13:27:07 - INFO - PRINT: timeout
2025-08-16 13:27:08 - INFO - PRINT: {0: {'编号': 'CCM0001', '孩子姓名(中)': '关宇和', '孩子姓名(英)': 'Vernwin Kwan', '生日日期': '2014/08/21', '父亲姓名': '关伟文(Kwan Wai Mun)', '父亲电话号码': '017-700 1768', '母亲姓名': '苏晓薇 (Sheryl Su Sheau Wei )', '母亲电话号码': '012-747 0047', '监护人姓名': nan, '监护人电话号码': nan, '基准年': Timestamp('2024-12-31 00:00:00'), '年龄': 10, '学校': 'Tadika Gelizim', '地址': 'No 10917，Jalan Tiong 1，Bandar Putra，81000 Kulai.', 'attendance_days': 1, 'attendance_rate': '1/52', 'attendance_by_month': 1, 'attendance_rate_by_month': '1/5', 'date': '2025_08_16', 'time_in': '01:26:55 PM', 'time_out': '0'}, 1: {'编号': 'CCM0002', '孩子姓名(中)': '叶喜恩', '孩子姓名(英)': 'Yap Hee En', '生日日期': '2012/11/07', '父亲姓名': '叶展维(Yap Chan Wei)', '父亲电话号码': '016-770 5522', '母亲姓名': '王晓珮 (Heng Shiau Pei)', '母亲电话号码': '016-7220405', '监护人姓名': nan, '监护人电话号码': nan, '基准年': Timestamp('2024-12-31 00:00:00'), '年龄': 12, '学校': 'SJK©Foon Yew 5', '地址': 'No 8，Jalan Austin Heights 5/15，Taman Mount Austin，81100 JB.', 'attendance_days': 1, 'attendance_rate': '1/52', 'attendance_by_month': 1, 'attendance_rate_by_month': '1/5', 'date': '2025_08_16', 'time_in': '01:27:04 PM', 'time_out': '0'}}
2025-08-16 13:27:09 - INFO - Application closing - saving final data...
2025-08-16 13:27:09 - INFO - PRINT: 编号 孩子姓名(中)            孩子姓名(英)                 生日日期                父亲姓名  ... attendance_by_month attendance_rate_by_month        date      time_in time_out
0    CCM0001     关宇和       Vernwin Kwan           2014/08/21   关伟文(Kwan Wai Mun)  ...                   1                      1/5  2025_08_16  01:26:55 PM        0
1    CCM0002     叶喜恩         Yap Hee En           2012/11/07   叶展维(Yap Chan Wei)  ...                   1                      1/5  2025_08_16  01:27:04 PM        0
2    CCM0003    叶喜宣        Yap Hee Xuan  2014-09-16 00:00:00   叶展维(Yap Chan Wei)  ...                   0                        0           0            0        0
3    CCM0004     萧乐杭      Seow Rei Hong  2013-09-05 00:00:00    吴松和(Goh Song Ho)  ...                   0                        0           0            0        0
4    CCM0005     许惠恩         Koh Hui En  2012-08-11 00:00:00   许国伟(Koh Kok Weay)  ...                   0                        0           0            0        0
..       ...     ...                ...                  ...                 ...  ...                 ...                      ...         ...          ...      ...
140  CCM0141     张栩璇       Teoh Xu Xuan  2013-02-21 00:00:00                 NaN  ...                   0                        0           0            0        0
141  CCM0142     黄可福        Wong Ke Fuk  2015-01-28 00:00:00                 NaN  ...                   0                        0           0            0        0
142  CCM0143     黄可优        Wong Ke Uou  2013-05-01 00:00:00                 NaN  ...                   0                        0           0            0        0
143  CCM0144     梁约珥  Joel Leong Yue Er  2015-11-01 00:00:00   梁俊康(Justin Leong）  ...                   0                        0           0            0        0
144  CCM0145     庞尹汐        Pang Yin Xi  2014-11-04 00:00:00  庞毅华(Pang Yoke Hua)  ...                   0                        0           0            0        0

[145 rows x 21 columns]
2025-08-16 13:27:10 - INFO - Application shutdown complete
2025-08-16 13:27:10 - INFO - ==================================================
2025-08-16 13:41:57 - INFO - ==================================================
2025-08-16 13:41:57 - INFO - ATTENDANCE SYSTEM STARTED
2025-08-16 13:41:57 - INFO - Date: 2025-08-16 13:41:57
2025-08-16 13:41:57 - INFO - Log file: logs/attendance_system_2025_08_16.log
2025-08-16 13:41:57 - INFO - ==================================================
2025-08-16 13:41:57 - INFO - Starting attendance system initialization
2025-08-16 13:41:57 - INFO - Validating environment...
2025-08-16 13:41:57 - INFO - Loading student list...
2025-08-16 13:41:57 - INFO - PRINT: ['2022_09_29.xlsx', '2022_10_01.xlsx', '2022_10_03.xlsx', '2024_08_06.xlsx', '2024_08_18.xlsx', '2024_08_30.xlsx', '2024_09_21.xlsx', '2024_09_22.xlsx', '2024_09_28.xlsx', '2024_10_05.xlsx', '2024_10_14.xlsx', '2025_05_01.xlsx', '2025_05_02.xlsx', '2025_07_05.xlsx', '2025_08_14.xlsx', '2025_08_16.xlsx', 'backup', 'July 2025.xlsx', '']
2025-08-16 13:41:58 - INFO - Checking date data...
2025-08-16 13:41:58 - INFO - Initializing camera...
2025-08-16 13:42:01 - INFO - Initializing GUI...
2025-08-16 13:42:01 - INFO - PRINT: {0: {'编号': 'CCM0001', '孩子姓名(中)': '关宇和', '孩子姓名(英)': 'Vernwin Kwan', '生日日期': '2014/08/21', '父亲姓名': '关伟文(Kwan Wai Mun)', '父亲电话号码': '017-700 1768', '母亲姓名': '苏晓薇 (Sheryl Su Sheau Wei )', '母亲电话号码': '012-747 0047', '监护人姓名': nan, '监护人电话号码': nan, '基准年': Timestamp('2024-12-31 00:00:00'), '年龄': 10, '学校': 'Tadika Gelizim', '地址': 'No 10917，Jalan Tiong 1，Bandar Putra，81000 Kulai.', 'attendance_days': 1, 'attendance_rate': '1/52', 'attendance_by_month': 1, 'attendance_rate_by_month': '1/5', 'date': '2025_08_16', 'time_in': '01:26:55 PM', 'time_out': '0'}, 1: {'编号': 'CCM0002', '孩子姓名(中)': '叶喜恩', '孩子姓名(英)': 'Yap Hee En', '生日日期': '2012/11/07', '父亲姓名': '叶展维(Yap Chan Wei)', '父亲电话号码': '016-770 5522', '母亲姓名': '王晓珮 (Heng Shiau Pei)', '母亲电话号码': '016-7220405', '监护人姓名': nan, '监护人电话号码': nan, '基准年': Timestamp('2024-12-31 00:00:00'), '年龄': 12, '学校': 'SJK©Foon Yew 5', '地址': 'No 8，Jalan Austin Heights 5/15，Taman Mount Austin，81100 JB.', 'attendance_days': 1, 'attendance_rate': '1/52', 'attendance_by_month': 1, 'attendance_rate_by_month': '1/5', 'date': '2025_08_16', 'time_in': '01:27:04 PM', 'time_out': '0'}}
2025-08-16 13:42:01 - INFO - Starting main application loop
2025-08-16 13:42:02 - INFO - PRINT: Warning: Invalid resize dimensions calculated: 1x0
2025-08-16 13:42:02 - INFO - PRINT: Warning: Invalid resize dimensions calculated: 1x0
2025-08-16 13:42:04 - INFO - PRINT: timeout
2025-08-16 13:42:05 - INFO - PRINT: {0: {'编号': 'CCM0001', '孩子姓名(中)': '关宇和', '孩子姓名(英)': 'Vernwin Kwan', '生日日期': '2014/08/21', '父亲姓名': '关伟文(Kwan Wai Mun)', '父亲电话号码': '017-700 1768', '母亲姓名': '苏晓薇 (Sheryl Su Sheau Wei )', '母亲电话号码': '012-747 0047', '监护人姓名': nan, '监护人电话号码': nan, '基准年': Timestamp('2024-12-31 00:00:00'), '年龄': 10, '学校': 'Tadika Gelizim', '地址': 'No 10917，Jalan Tiong 1，Bandar Putra，81000 Kulai.', 'attendance_days': 1, 'attendance_rate': '1/52', 'attendance_by_month': 1, 'attendance_rate_by_month': '1/5', 'date': '2025_08_16', 'time_in': '01:26:55 PM', 'time_out': '0'}, 1: {'编号': 'CCM0002', '孩子姓名(中)': '叶喜恩', '孩子姓名(英)': 'Yap Hee En', '生日日期': '2012/11/07', '父亲姓名': '叶展维(Yap Chan Wei)', '父亲电话号码': '016-770 5522', '母亲姓名': '王晓珮 (Heng Shiau Pei)', '母亲电话号码': '016-7220405', '监护人姓名': nan, '监护人电话号码': nan, '基准年': Timestamp('2024-12-31 00:00:00'), '年龄': 12, '学校': 'SJK©Foon Yew 5', '地址': 'No 8，Jalan Austin Heights 5/15，Taman Mount Austin，81100 JB.', 'attendance_days': 1, 'attendance_rate': '1/52', 'attendance_by_month': 1, 'attendance_rate_by_month': '1/5', 'date': '2025_08_16', 'time_in': '01:27:04 PM', 'time_out': '0'}}
2025-08-16 13:42:07 - INFO - PRINT: timeout
2025-08-16 13:42:07 - INFO - PRINT: {0: {'编号': 'CCM0001', '孩子姓名(中)': '关宇和', '孩子姓名(英)': 'Vernwin Kwan', '生日日期': '2014/08/21', '父亲姓名': '关伟文(Kwan Wai Mun)', '父亲电话号码': '017-700 1768', '母亲姓名': '苏晓薇 (Sheryl Su Sheau Wei )', '母亲电话号码': '012-747 0047', '监护人姓名': nan, '监护人电话号码': nan, '基准年': Timestamp('2024-12-31 00:00:00'), '年龄': 10, '学校': 'Tadika Gelizim', '地址': 'No 10917，Jalan Tiong 1，Bandar Putra，81000 Kulai.', 'attendance_days': 1, 'attendance_rate': '1/52', 'attendance_by_month': 1, 'attendance_rate_by_month': '1/5', 'date': '2025_08_16', 'time_in': '01:26:55 PM', 'time_out': '0'}, 1: {'编号': 'CCM0002', '孩子姓名(中)': '叶喜恩', '孩子姓名(英)': 'Yap Hee En', '生日日期': '2012/11/07', '父亲姓名': '叶展维(Yap Chan Wei)', '父亲电话号码': '016-770 5522', '母亲姓名': '王晓珮 (Heng Shiau Pei)', '母亲电话号码': '016-7220405', '监护人姓名': nan, '监护人电话号码': nan, '基准年': Timestamp('2024-12-31 00:00:00'), '年龄': 12, '学校': 'SJK©Foon Yew 5', '地址': 'No 8，Jalan Austin Heights 5/15，Taman Mount Austin，81100 JB.', 'attendance_days': 1, 'attendance_rate': '1/52', 'attendance_by_month': 1, 'attendance_rate_by_month': '1/5', 'date': '2025_08_16', 'time_in': '01:27:04 PM', 'time_out': '0'}}
2025-08-16 13:42:09 - INFO - Application closing - saving final data...
2025-08-16 13:42:09 - INFO - PRINT: 编号 孩子姓名(中)            孩子姓名(英)                 生日日期                父亲姓名  ... attendance_by_month attendance_rate_by_month        date      time_in time_out
0    CCM0001     关宇和       Vernwin Kwan           2014/08/21   关伟文(Kwan Wai Mun)  ...                   1                      1/5  2025_08_16  01:26:55 PM        0
1    CCM0002     叶喜恩         Yap Hee En           2012/11/07   叶展维(Yap Chan Wei)  ...                   1                      1/5  2025_08_16  01:27:04 PM        0
2    CCM0003    叶喜宣        Yap Hee Xuan  2014-09-16 00:00:00   叶展维(Yap Chan Wei)  ...                   0                        0           0            0        0
3    CCM0004     萧乐杭      Seow Rei Hong  2013-09-05 00:00:00    吴松和(Goh Song Ho)  ...                   0                        0           0            0        0
4    CCM0005     许惠恩         Koh Hui En  2012-08-11 00:00:00   许国伟(Koh Kok Weay)  ...                   0                        0           0            0        0
..       ...     ...                ...                  ...                 ...  ...                 ...                      ...         ...          ...      ...
140  CCM0141     张栩璇       Teoh Xu Xuan  2013-02-21 00:00:00                 NaN  ...                   0                        0           0            0        0
141  CCM0142     黄可福        Wong Ke Fuk  2015-01-28 00:00:00                 NaN  ...                   0                        0           0            0        0
142  CCM0143     黄可优        Wong Ke Uou  2013-05-01 00:00:00                 NaN  ...                   0                        0           0            0        0
143  CCM0144     梁约珥  Joel Leong Yue Er  2015-11-01 00:00:00   梁俊康(Justin Leong）  ...                   0                        0           0            0        0
144  CCM0145     庞尹汐        Pang Yin Xi  2014-11-04 00:00:00  庞毅华(Pang Yoke Hua)  ...                   0                        0           0            0        0

[145 rows x 21 columns]
2025-08-16 13:42:10 - INFO - Application shutdown complete
2025-08-16 13:42:10 - INFO - ==================================================
